\BOOKMARK [0][-]{chapter.1}{Procesos}{}% 1
\BOOKMARK [1][-]{section.1.1}{P1.1 Registrar Personal}{chapter.1}% 2
\BOOKMARK [2][-]{subsection.1.1.1}{Resumen}{section.1.1}% 3
\BOOKMARK [2][-]{subsection.1.1.2}{Elementos del proceso}{section.1.1}% 4
\BOOKMARK [2][-]{subsection.1.1.3}{Descripci\363n de Tareas}{section.1.1}% 5
\BOOKMARK [1][-]{section.1.2}{P1.2 Modificar Personal}{chapter.1}% 6
\BOOKMARK [2][-]{subsection.1.2.1}{Resumen}{section.1.2}% 7
\BOOKMARK [2][-]{subsection.1.2.2}{Elementos del proceso}{section.1.2}% 8
\BOOKMARK [2][-]{subsection.1.2.3}{Descripci\363n de Tareas}{section.1.2}% 9
\BOOKMARK [1][-]{section.1.3}{P1.3 Eliminar Personal}{chapter.1}% 10
\BOOKMARK [2][-]{subsection.1.3.1}{Resumen}{section.1.3}% 11
\BOOKMARK [2][-]{subsection.1.3.2}{Elementos del proceso}{section.1.3}% 12
\BOOKMARK [2][-]{subsection.1.3.3}{Descripci\363n de Tareas}{section.1.3}% 13
\BOOKMARK [1][-]{section.1.4}{P2.1 Adquisici\363n de Libros}{chapter.1}% 14
\BOOKMARK [2][-]{subsection.1.4.1}{Resumen}{section.1.4}% 15
\BOOKMARK [2][-]{subsection.1.4.2}{Elementos del proceso}{section.1.4}% 16
\BOOKMARK [2][-]{subsection.1.4.3}{Descripci\363n de Tareas}{section.1.4}% 17
\BOOKMARK [1][-]{section.1.5}{P2.2 Cotejar Existencia de Libros}{chapter.1}% 18
\BOOKMARK [2][-]{subsection.1.5.1}{Resumen}{section.1.5}% 19
\BOOKMARK [2][-]{subsection.1.5.2}{Elementos del proceso}{section.1.5}% 20
\BOOKMARK [2][-]{subsection.1.5.3}{Descripci\363n de Tareas}{section.1.5}% 21
\BOOKMARK [1][-]{section.1.6}{P2.3 Cotejar Existencia de Equipo}{chapter.1}% 22
\BOOKMARK [2][-]{subsection.1.6.1}{Resumen}{section.1.6}% 23
\BOOKMARK [2][-]{subsection.1.6.2}{Elementos del proceso}{section.1.6}% 24
\BOOKMARK [2][-]{subsection.1.6.3}{Descripci\363n de Tareas}{section.1.6}% 25
\BOOKMARK [1][-]{section.1.7}{P2.4 Descartar libros }{chapter.1}% 26
\BOOKMARK [2][-]{subsection.1.7.1}{Resumen}{section.1.7}% 27
\BOOKMARK [2][-]{subsection.1.7.2}{Elementos del proceso}{section.1.7}% 28
\BOOKMARK [2][-]{subsection.1.7.3}{Descripci\363n de Tareas}{section.1.7}% 29
\BOOKMARK [1][-]{section.1.8}{P4.1 Dar de Alta Lector}{chapter.1}% 30
\BOOKMARK [2][-]{subsection.1.8.1}{Resumen}{section.1.8}% 31
\BOOKMARK [2][-]{subsection.1.8.2}{Elementos del proceso}{section.1.8}% 32
\BOOKMARK [2][-]{subsection.1.8.3}{Descripci\363n de Tareas}{section.1.8}% 33
\BOOKMARK [1][-]{section.1.9}{P4.2 Dar de Baja Lector}{chapter.1}% 34
\BOOKMARK [2][-]{subsection.1.9.1}{Resumen}{section.1.9}% 35
\BOOKMARK [2][-]{subsection.1.9.2}{Elementos del proceso}{section.1.9}% 36
\BOOKMARK [2][-]{subsection.1.9.3}{Descripci\363n de Tareas}{section.1.9}% 37
\BOOKMARK [1][-]{section.1.10}{P4.3 Actualizar datos de Lector}{chapter.1}% 38
\BOOKMARK [2][-]{subsection.1.10.1}{Resumen}{section.1.10}% 39
\BOOKMARK [2][-]{subsection.1.10.2}{Elementos del proceso}{section.1.10}% 40
\BOOKMARK [2][-]{subsection.1.10.3}{Descripci\363n de Tareas}{section.1.10}% 41
\BOOKMARK [1][-]{section.1.11}{P4.4 Consultar historial de Lector}{chapter.1}% 42
\BOOKMARK [2][-]{subsection.1.11.1}{Resumen}{section.1.11}% 43
\BOOKMARK [2][-]{subsection.1.11.2}{Elementos del proceso}{section.1.11}% 44
\BOOKMARK [2][-]{subsection.1.11.3}{Descripci\363n de Tareas}{section.1.11}% 45
\BOOKMARK [1][-]{section.1.12}{P5.1 Gestion de credenciales}{chapter.1}% 46
\BOOKMARK [2][-]{subsection.1.12.1}{Resumen}{section.1.12}% 47
\BOOKMARK [2][-]{subsection.1.12.2}{Elementos del proceso}{section.1.12}% 48
\BOOKMARK [2][-]{subsection.1.12.3}{Descripci\363n de Tareas}{section.1.12}% 49
\BOOKMARK [1][-]{section.1.13}{P5.2 Solicitud de renovaci\363n de credencial}{chapter.1}% 50
\BOOKMARK [2][-]{subsection.1.13.1}{Resumen}{section.1.13}% 51
\BOOKMARK [2][-]{subsection.1.13.2}{Elementos del proceso}{section.1.13}% 52
\BOOKMARK [2][-]{subsection.1.13.3}{Descripci\363n de Tareas}{section.1.13}% 53
\BOOKMARK [1][-]{section.1.14}{P5.3 Solicitud de renovaci\363n de credencial}{chapter.1}% 54
\BOOKMARK [2][-]{subsection.1.14.1}{Resumen}{section.1.14}% 55
\BOOKMARK [2][-]{subsection.1.14.2}{Elementos del proceso}{section.1.14}% 56
\BOOKMARK [2][-]{subsection.1.14.3}{Descripci\363n de Tareas}{section.1.14}% 57
\BOOKMARK [0][-]{chapter.2}{Actores del sistema}{}% 58
\BOOKMARK [0][-]{appendix.Alph1}{Mensajes}{}% 59
\BOOKMARK [1][-]{subsection.Alph1.0.1}{MSJ1.1 Operaci\363n Exitosa }{appendix.Alph1}% 60
\BOOKMARK [2][-]{subsection.Alph1.0.2}{MSJ1.2 Hay empleados a modificar }{subsection.Alph1.0.1}% 61
\BOOKMARK [2][-]{subsection.Alph1.0.3}{MSJ1.3 Informacion incorrecta }{subsection.Alph1.0.1}% 62
\BOOKMARK [2][-]{subsection.Alph1.0.4}{MSJ1.4 Modificacion Exitosa }{subsection.Alph1.0.1}% 63
\BOOKMARK [2][-]{subsection.Alph1.0.5}{MSJ1.5 Eliminacion Exitosa }{subsection.Alph1.0.1}% 64
\BOOKMARK [2][-]{subsection.Alph1.0.6}{MSJ4.1 Lector no registrado }{subsection.Alph1.0.1}% 65
\BOOKMARK [2][-]{subsection.Alph1.0.7}{MSJ4.2 Alumno dado de baja }{subsection.Alph1.0.1}% 66
\BOOKMARK [2][-]{subsection.Alph1.0.8}{MSJ4.3 Tiene Adeudos pendientes }{subsection.Alph1.0.1}% 67
\BOOKMARK [2][-]{subsection.Alph1.0.9}{MSJ4.4 Tiene Multas pendientes }{subsection.Alph1.0.1}% 68
\BOOKMARK [2][-]{subsection.Alph1.0.10}{MSJ4.5 Operaci\363n Exitosa }{subsection.Alph1.0.1}% 69
\BOOKMARK [2][-]{subsection.Alph1.0.11}{MSJ4.6 El lector aun no tiene historial }{subsection.Alph1.0.1}% 70
\BOOKMARK [2][-]{subsection.Alph1.0.12}{MSJ4.7 Inscribete}{subsection.Alph1.0.1}% 71
\BOOKMARK [0][-]{appendix.Alph2}{Formularios}{}% 72
\BOOKMARK [1][-]{subsection.Alph2.0.1}{F4.1 Dar de alta Lector }{appendix.Alph2}% 73
\BOOKMARK [2][-]{subsection.Alph2.0.2}{F1.1 Registrar Personal }{subsection.Alph2.0.1}% 74
\BOOKMARK [2][-]{subsection.Alph2.0.3}{F1.2 Modificar Personal }{subsection.Alph2.0.1}% 75
\BOOKMARK [2][-]{subsection.Alph2.0.4}{F4.2 Actualizar Lector }{subsection.Alph2.0.1}% 76
