\BOOKMARK [0][-]{chapter.1}{Modelo de negocios}{}% 1
\BOOKMARK [1][-]{section.1.1}{Reglas de Negocio}{chapter.1}% 2
\BOOKMARK [0][-]{chapter.2}{Modelo de comportamiento}{}% 3
\BOOKMARK [1][-]{section.2.1}{CU1.1 Registro de personal}{chapter.2}% 4
\BOOKMARK [2][-]{subsection.2.1.1}{Descripci\363n completa}{section.2.1}% 5
\BOOKMARK [2][-]{subsection.2.1.2}{Atributos importantes}{section.2.1}% 6
\BOOKMARK [2][-]{subsection.2.1.3}{Trayectorias del Caso de Uso}{section.2.1}% 7
\BOOKMARK [2][-]{subsection.2.1.4}{IU1.1 Pantalla principal}{section.2.1}% 8
\BOOKMARK [1][-]{section.2.2}{CU1.2 Consultar de personal}{chapter.2}% 9
\BOOKMARK [2][-]{subsection.2.2.1}{Descripci\363n completa}{section.2.2}% 10
\BOOKMARK [2][-]{subsection.2.2.2}{Atributos importantes}{section.2.2}% 11
\BOOKMARK [2][-]{subsection.2.2.3}{Trayectorias del Caso de Uso}{section.2.2}% 12
\BOOKMARK [2][-]{subsection.2.2.4}{IU1.2 Listado de Empleados}{section.2.2}% 13
\BOOKMARK [1][-]{section.2.3}{CU1.4 Eliminar personal}{chapter.2}% 14
\BOOKMARK [2][-]{subsection.2.3.1}{Descripci\363n completa}{section.2.3}% 15
\BOOKMARK [2][-]{subsection.2.3.2}{Atributos importantes}{section.2.3}% 16
\BOOKMARK [2][-]{subsection.2.3.3}{Trayectorias del Caso de Uso}{section.2.3}% 17
\BOOKMARK [1][-]{section.2.4}{CU3.2 Pr\351stamo Interbibliotecario}{chapter.2}% 18
\BOOKMARK [2][-]{subsection.2.4.1}{Descripci\363n completa}{section.2.4}% 19
\BOOKMARK [2][-]{subsection.2.4.2}{Atributos importantes}{section.2.4}% 20
\BOOKMARK [2][-]{subsection.2.4.3}{Trayectorias del Caso de Uso}{section.2.4}% 21
\BOOKMARK [1][-]{section.2.5}{CU3.4 Consultar Pr\351stamo Interbibliotecario}{chapter.2}% 22
\BOOKMARK [2][-]{subsection.2.5.1}{Descripci\363n completa}{section.2.5}% 23
\BOOKMARK [2][-]{subsection.2.5.2}{Atributos importantes}{section.2.5}% 24
\BOOKMARK [2][-]{subsection.2.5.3}{Trayectorias del Caso de Uso}{section.2.5}% 25
\BOOKMARK [1][-]{section.2.6}{CU3.8 Generar multa}{chapter.2}% 26
\BOOKMARK [2][-]{subsection.2.6.1}{Descripci\363n completa}{section.2.6}% 27
\BOOKMARK [2][-]{subsection.2.6.2}{Atributos importantes}{section.2.6}% 28
\BOOKMARK [2][-]{subsection.2.6.3}{Trayectorias del Caso de Uso}{section.2.6}% 29
\BOOKMARK [2][-]{subsection.2.6.4}{IU3.2 Formulario}{section.2.6}% 30
\BOOKMARK [2][-]{subsection.2.6.5}{IU3.2a Formato}{section.2.6}% 31
\BOOKMARK [2][-]{subsection.2.6.6}{IU3.4 Consultar Prestamo Interbibliotecario}{section.2.6}% 32
\BOOKMARK [2][-]{subsection.2.6.7}{IU3.4a Resultado Consulta Pr\351stamo Interbibliotecario}{section.2.6}% 33
\BOOKMARK [2][-]{subsection.2.6.8}{IU3.8 Generar multa}{section.2.6}% 34
\BOOKMARK [2][-]{subsection.2.6.9}{IU3.8a Confirmar multa}{section.2.6}% 35
\BOOKMARK [1][-]{section.2.7}{Catalogo de Mensajes}{chapter.2}% 36
